[0.337s] Invoking command in '/home/paulina/dev_ws/src/podpora_przygoda/lab1': PYTHONPATH=/home/paulina/dev_ws/src/podpora_przygoda/install/lab1/lib/python3.8/site-packages:${PYTHONPATH} /usr/bin/python3 setup.py egg_info --egg-base ../build/lab1 build --build-base /home/paulina/dev_ws/src/podpora_przygoda/build/lab1/build install --prefix /home/paulina/dev_ws/src/podpora_przygoda/install/lab1 --record /home/paulina/dev_ws/src/podpora_przygoda/build/lab1/install.log --single-version-externally-managed
[0.621s] running egg_info
[0.622s] writing ../build/lab1/lab1.egg-info/PKG-INFO
[0.622s] writing dependency_links to ../build/lab1/lab1.egg-info/dependency_links.txt
[0.623s] writing entry points to ../build/lab1/lab1.egg-info/entry_points.txt
[0.623s] writing requirements to ../build/lab1/lab1.egg-info/requires.txt
[0.623s] writing top-level names to ../build/lab1/lab1.egg-info/top_level.txt
[0.672s] reading manifest file '../build/lab1/lab1.egg-info/SOURCES.txt'
[0.673s] writing manifest file '../build/lab1/lab1.egg-info/SOURCES.txt'
[0.673s] running build
[0.673s] running build_py
[0.673s] copying lab1/lab1_publisher.py -> /home/paulina/dev_ws/src/podpora_przygoda/build/lab1/build/lib/lab1
[0.674s] running install
[0.675s] running install_lib
[0.676s] copying /home/paulina/dev_ws/src/podpora_przygoda/build/lab1/build/lib/lab1/lab1_publisher.py -> /home/paulina/dev_ws/src/podpora_przygoda/install/lab1/lib/python3.8/site-packages/lab1
[0.677s] byte-compiling /home/paulina/dev_ws/src/podpora_przygoda/install/lab1/lib/python3.8/site-packages/lab1/lab1_publisher.py to lab1_publisher.cpython-38.pyc
[0.679s] running install_data
[0.680s] running install_egg_info
[0.682s] removing '/home/paulina/dev_ws/src/podpora_przygoda/install/lab1/lib/python3.8/site-packages/lab1-0.0.0-py3.8.egg-info' (and everything under it)
[0.682s] Copying ../build/lab1/lab1.egg-info to /home/paulina/dev_ws/src/podpora_przygoda/install/lab1/lib/python3.8/site-packages/lab1-0.0.0-py3.8.egg-info
[0.683s] running install_scripts
[0.711s] Installing lab1_publisher script to /home/paulina/dev_ws/src/podpora_przygoda/install/lab1/lib/lab1
[0.712s] writing list of installed files to '/home/paulina/dev_ws/src/podpora_przygoda/build/lab1/install.log'
[0.745s] Invoked command in '/home/paulina/dev_ws/src/podpora_przygoda/lab1' returned '0': PYTHONPATH=/home/paulina/dev_ws/src/podpora_przygoda/install/lab1/lib/python3.8/site-packages:${PYTHONPATH} /usr/bin/python3 setup.py egg_info --egg-base ../build/lab1 build --build-base /home/paulina/dev_ws/src/podpora_przygoda/build/lab1/build install --prefix /home/paulina/dev_ws/src/podpora_przygoda/install/lab1 --record /home/paulina/dev_ws/src/podpora_przygoda/build/lab1/install.log --single-version-externally-managed
