[0.332s] Invoking command in '/home/paulina/dev_ws/src/podpora_przygoda/lab1': PYTHONPATH=/home/paulina/dev_ws/src/podpora_przygoda/install/lab1/lib/python3.8/site-packages:${PYTHONPATH} /usr/bin/python3 setup.py egg_info --egg-base ../build/lab1 build --build-base /home/paulina/dev_ws/src/podpora_przygoda/build/lab1/build install --prefix /home/paulina/dev_ws/src/podpora_przygoda/install/lab1 --record /home/paulina/dev_ws/src/podpora_przygoda/build/lab1/install.log --single-version-externally-managed
[0.613s] running egg_info
[0.614s] writing ../build/lab1/lab1.egg-info/PKG-INFO
[0.615s] writing dependency_links to ../build/lab1/lab1.egg-info/dependency_links.txt
[0.615s] writing entry points to ../build/lab1/lab1.egg-info/entry_points.txt
[0.615s] writing requirements to ../build/lab1/lab1.egg-info/requires.txt
[0.615s] writing top-level names to ../build/lab1/lab1.egg-info/top_level.txt
[0.662s] reading manifest file '../build/lab1/lab1.egg-info/SOURCES.txt'
[0.663s] writing manifest file '../build/lab1/lab1.egg-info/SOURCES.txt'
[0.663s] running build
[0.663s] running build_py
[0.664s] copying lab1/lab1_publisher.py -> /home/paulina/dev_ws/src/podpora_przygoda/build/lab1/build/lib/lab1
[0.664s] running install
[0.665s] running install_lib
[0.666s] copying /home/paulina/dev_ws/src/podpora_przygoda/build/lab1/build/lib/lab1/lab1_publisher.py -> /home/paulina/dev_ws/src/podpora_przygoda/install/lab1/lib/python3.8/site-packages/lab1
[0.666s] byte-compiling /home/paulina/dev_ws/src/podpora_przygoda/install/lab1/lib/python3.8/site-packages/lab1/lab1_publisher.py to lab1_publisher.cpython-38.pyc
[0.669s] running install_data
[0.669s] running install_egg_info
[0.671s] removing '/home/paulina/dev_ws/src/podpora_przygoda/install/lab1/lib/python3.8/site-packages/lab1-0.0.0-py3.8.egg-info' (and everything under it)
[0.671s] Copying ../build/lab1/lab1.egg-info to /home/paulina/dev_ws/src/podpora_przygoda/install/lab1/lib/python3.8/site-packages/lab1-0.0.0-py3.8.egg-info
[0.672s] running install_scripts
[0.693s] Installing lab1_publisher script to /home/paulina/dev_ws/src/podpora_przygoda/install/lab1/lib/lab1
[0.693s] writing list of installed files to '/home/paulina/dev_ws/src/podpora_przygoda/build/lab1/install.log'
[0.728s] Invoked command in '/home/paulina/dev_ws/src/podpora_przygoda/lab1' returned '0': PYTHONPATH=/home/paulina/dev_ws/src/podpora_przygoda/install/lab1/lib/python3.8/site-packages:${PYTHONPATH} /usr/bin/python3 setup.py egg_info --egg-base ../build/lab1 build --build-base /home/paulina/dev_ws/src/podpora_przygoda/build/lab1/build install --prefix /home/paulina/dev_ws/src/podpora_przygoda/install/lab1 --record /home/paulina/dev_ws/src/podpora_przygoda/build/lab1/install.log --single-version-externally-managed
