[0.339s] Invoking command in '/home/paulina/dev_ws/src/podpora_przygoda/lab1': PYTHONPATH=/home/paulina/dev_ws/src/podpora_przygoda/install/lab1/lib/python3.8/site-packages:${PYTHONPATH} /usr/bin/python3 setup.py egg_info --egg-base ../build/lab1 build --build-base /home/paulina/dev_ws/src/podpora_przygoda/build/lab1/build install --prefix /home/paulina/dev_ws/src/podpora_przygoda/install/lab1 --record /home/paulina/dev_ws/src/podpora_przygoda/build/lab1/install.log --single-version-externally-managed
[0.629s] running egg_info
[0.630s] writing ../build/lab1/lab1.egg-info/PKG-INFO
[0.631s] writing dependency_links to ../build/lab1/lab1.egg-info/dependency_links.txt
[0.631s] writing entry points to ../build/lab1/lab1.egg-info/entry_points.txt
[0.631s] writing requirements to ../build/lab1/lab1.egg-info/requires.txt
[0.631s] writing top-level names to ../build/lab1/lab1.egg-info/top_level.txt
[0.679s] reading manifest file '../build/lab1/lab1.egg-info/SOURCES.txt'
[0.680s] writing manifest file '../build/lab1/lab1.egg-info/SOURCES.txt'
[0.681s] running build
[0.681s] running build_py
[0.681s] copying lab1/lab1_publisher.py -> /home/paulina/dev_ws/src/podpora_przygoda/build/lab1/build/lib/lab1
[0.681s] running install
[0.682s] running install_lib
[0.684s] copying /home/paulina/dev_ws/src/podpora_przygoda/build/lab1/build/lib/lab1/lab1_publisher.py -> /home/paulina/dev_ws/src/podpora_przygoda/install/lab1/lib/python3.8/site-packages/lab1
[0.685s] byte-compiling /home/paulina/dev_ws/src/podpora_przygoda/install/lab1/lib/python3.8/site-packages/lab1/lab1_publisher.py to lab1_publisher.cpython-38.pyc
[0.688s] running install_data
[0.689s] running install_egg_info
[0.691s] removing '/home/paulina/dev_ws/src/podpora_przygoda/install/lab1/lib/python3.8/site-packages/lab1-0.0.0-py3.8.egg-info' (and everything under it)
[0.691s] Copying ../build/lab1/lab1.egg-info to /home/paulina/dev_ws/src/podpora_przygoda/install/lab1/lib/python3.8/site-packages/lab1-0.0.0-py3.8.egg-info
[0.693s] running install_scripts
[0.721s] Installing lab1_publisher script to /home/paulina/dev_ws/src/podpora_przygoda/install/lab1/lib/lab1
[0.721s] writing list of installed files to '/home/paulina/dev_ws/src/podpora_przygoda/build/lab1/install.log'
[0.762s] Invoked command in '/home/paulina/dev_ws/src/podpora_przygoda/lab1' returned '0': PYTHONPATH=/home/paulina/dev_ws/src/podpora_przygoda/install/lab1/lib/python3.8/site-packages:${PYTHONPATH} /usr/bin/python3 setup.py egg_info --egg-base ../build/lab1 build --build-base /home/paulina/dev_ws/src/podpora_przygoda/build/lab1/build install --prefix /home/paulina/dev_ws/src/podpora_przygoda/install/lab1 --record /home/paulina/dev_ws/src/podpora_przygoda/build/lab1/install.log --single-version-externally-managed
