[0.361s] Invoking command in '/home/paulina/dev_ws/src/podpora_przygoda/lab1': PYTHONPATH=/home/paulina/dev_ws/src/podpora_przygoda/install/lab1/lib/python3.8/site-packages:${PYTHONPATH} /usr/bin/python3 setup.py egg_info --egg-base ../build/lab1 build --build-base /home/paulina/dev_ws/src/podpora_przygoda/build/lab1/build install --prefix /home/paulina/dev_ws/src/podpora_przygoda/install/lab1 --record /home/paulina/dev_ws/src/podpora_przygoda/build/lab1/install.log --single-version-externally-managed
[0.647s] running egg_info
[0.648s] writing ../build/lab1/lab1.egg-info/PKG-INFO
[0.648s] writing dependency_links to ../build/lab1/lab1.egg-info/dependency_links.txt
[0.648s] writing entry points to ../build/lab1/lab1.egg-info/entry_points.txt
[0.649s] writing requirements to ../build/lab1/lab1.egg-info/requires.txt
[0.649s] writing top-level names to ../build/lab1/lab1.egg-info/top_level.txt
[0.693s] reading manifest file '../build/lab1/lab1.egg-info/SOURCES.txt'
[0.694s] writing manifest file '../build/lab1/lab1.egg-info/SOURCES.txt'
[0.695s] running build
[0.695s] running build_py
[0.695s] copying lab1/lab1_publisher.py -> /home/paulina/dev_ws/src/podpora_przygoda/build/lab1/build/lib/lab1
[0.696s] running install
[0.697s] running install_lib
[0.698s] copying /home/paulina/dev_ws/src/podpora_przygoda/build/lab1/build/lib/lab1/lab1_publisher.py -> /home/paulina/dev_ws/src/podpora_przygoda/install/lab1/lib/python3.8/site-packages/lab1
[0.699s] byte-compiling /home/paulina/dev_ws/src/podpora_przygoda/install/lab1/lib/python3.8/site-packages/lab1/lab1_publisher.py to lab1_publisher.cpython-38.pyc
[0.701s] running install_data
[0.702s] running install_egg_info
[0.703s] removing '/home/paulina/dev_ws/src/podpora_przygoda/install/lab1/lib/python3.8/site-packages/lab1-0.0.0-py3.8.egg-info' (and everything under it)
[0.704s] Copying ../build/lab1/lab1.egg-info to /home/paulina/dev_ws/src/podpora_przygoda/install/lab1/lib/python3.8/site-packages/lab1-0.0.0-py3.8.egg-info
[0.705s] running install_scripts
[0.726s] Installing lab1_publisher script to /home/paulina/dev_ws/src/podpora_przygoda/install/lab1/lib/lab1
[0.726s] writing list of installed files to '/home/paulina/dev_ws/src/podpora_przygoda/build/lab1/install.log'
[0.759s] Invoked command in '/home/paulina/dev_ws/src/podpora_przygoda/lab1' returned '0': PYTHONPATH=/home/paulina/dev_ws/src/podpora_przygoda/install/lab1/lib/python3.8/site-packages:${PYTHONPATH} /usr/bin/python3 setup.py egg_info --egg-base ../build/lab1 build --build-base /home/paulina/dev_ws/src/podpora_przygoda/build/lab1/build install --prefix /home/paulina/dev_ws/src/podpora_przygoda/install/lab1 --record /home/paulina/dev_ws/src/podpora_przygoda/build/lab1/install.log --single-version-externally-managed
