[0.329s] Invoking command in '/home/paulina/dev_ws/src/podpora_przygoda/lab1': PYTHONPATH=/home/paulina/dev_ws/src/podpora_przygoda/install/lab1/lib/python3.8/site-packages:${PYTHONPATH} /usr/bin/python3 setup.py egg_info --egg-base ../build/lab1 build --build-base /home/paulina/dev_ws/src/podpora_przygoda/build/lab1/build install --prefix /home/paulina/dev_ws/src/podpora_przygoda/install/lab1 --record /home/paulina/dev_ws/src/podpora_przygoda/build/lab1/install.log --single-version-externally-managed
[0.613s] running egg_info
[0.613s] writing ../build/lab1/lab1.egg-info/PKG-INFO
[0.614s] writing dependency_links to ../build/lab1/lab1.egg-info/dependency_links.txt
[0.614s] writing entry points to ../build/lab1/lab1.egg-info/entry_points.txt
[0.615s] writing requirements to ../build/lab1/lab1.egg-info/requires.txt
[0.615s] writing top-level names to ../build/lab1/lab1.egg-info/top_level.txt
[0.659s] reading manifest file '../build/lab1/lab1.egg-info/SOURCES.txt'
[0.660s] writing manifest file '../build/lab1/lab1.egg-info/SOURCES.txt'
[0.660s] running build
[0.660s] running build_py
[0.661s] running install
[0.662s] running install_lib
[0.663s] running install_data
[0.664s] copying launch/lab1_launch.py -> /home/paulina/dev_ws/src/podpora_przygoda/install/lab1/share/lab1
[0.665s] running install_egg_info
[0.666s] removing '/home/paulina/dev_ws/src/podpora_przygoda/install/lab1/lib/python3.8/site-packages/lab1-0.0.0-py3.8.egg-info' (and everything under it)
[0.667s] Copying ../build/lab1/lab1.egg-info to /home/paulina/dev_ws/src/podpora_przygoda/install/lab1/lib/python3.8/site-packages/lab1-0.0.0-py3.8.egg-info
[0.668s] running install_scripts
[0.689s] Installing lab1_publisher script to /home/paulina/dev_ws/src/podpora_przygoda/install/lab1/lib/lab1
[0.689s] writing list of installed files to '/home/paulina/dev_ws/src/podpora_przygoda/build/lab1/install.log'
[0.724s] Invoked command in '/home/paulina/dev_ws/src/podpora_przygoda/lab1' returned '0': PYTHONPATH=/home/paulina/dev_ws/src/podpora_przygoda/install/lab1/lib/python3.8/site-packages:${PYTHONPATH} /usr/bin/python3 setup.py egg_info --egg-base ../build/lab1 build --build-base /home/paulina/dev_ws/src/podpora_przygoda/build/lab1/build install --prefix /home/paulina/dev_ws/src/podpora_przygoda/install/lab1 --record /home/paulina/dev_ws/src/podpora_przygoda/build/lab1/install.log --single-version-externally-managed
