[0.321s] Invoking command in '/home/paulina/dev_ws/src/podpora_przygoda/lab1': PYTHONPATH=/home/paulina/dev_ws/src/podpora_przygoda/install/lab1/lib/python3.8/site-packages:${PYTHONPATH} /usr/bin/python3 setup.py egg_info --egg-base ../build/lab1 build --build-base /home/paulina/dev_ws/src/podpora_przygoda/build/lab1/build install --prefix /home/paulina/dev_ws/src/podpora_przygoda/install/lab1 --record /home/paulina/dev_ws/src/podpora_przygoda/build/lab1/install.log --single-version-externally-managed
[0.596s] running egg_info
[0.597s] creating ../build/lab1/lab1.egg-info
[0.597s] writing ../build/lab1/lab1.egg-info/PKG-INFO
[0.598s] writing dependency_links to ../build/lab1/lab1.egg-info/dependency_links.txt
[0.598s] writing entry points to ../build/lab1/lab1.egg-info/entry_points.txt
[0.598s] writing requirements to ../build/lab1/lab1.egg-info/requires.txt
[0.598s] writing top-level names to ../build/lab1/lab1.egg-info/top_level.txt
[0.600s] writing manifest file '../build/lab1/lab1.egg-info/SOURCES.txt'
[0.643s] reading manifest file '../build/lab1/lab1.egg-info/SOURCES.txt'
[0.644s] writing manifest file '../build/lab1/lab1.egg-info/SOURCES.txt'
[0.644s] running build
[0.644s] running build_py
[0.645s] creating /home/paulina/dev_ws/src/podpora_przygoda/build/lab1/build
[0.645s] creating /home/paulina/dev_ws/src/podpora_przygoda/build/lab1/build/lib
[0.645s] creating /home/paulina/dev_ws/src/podpora_przygoda/build/lab1/build/lib/lab1
[0.645s] copying lab1/__init__.py -> /home/paulina/dev_ws/src/podpora_przygoda/build/lab1/build/lib/lab1
[0.645s] copying lab1/lab1_publisher.py -> /home/paulina/dev_ws/src/podpora_przygoda/build/lab1/build/lib/lab1
[0.646s] running install
[0.646s] running install_lib
[0.648s] creating /home/paulina/dev_ws/src/podpora_przygoda/install/lab1/lib/python3.8/site-packages/lab1
[0.648s] copying /home/paulina/dev_ws/src/podpora_przygoda/build/lab1/build/lib/lab1/__init__.py -> /home/paulina/dev_ws/src/podpora_przygoda/install/lab1/lib/python3.8/site-packages/lab1
[0.648s] copying /home/paulina/dev_ws/src/podpora_przygoda/build/lab1/build/lib/lab1/lab1_publisher.py -> /home/paulina/dev_ws/src/podpora_przygoda/install/lab1/lib/python3.8/site-packages/lab1
[0.649s] byte-compiling /home/paulina/dev_ws/src/podpora_przygoda/install/lab1/lib/python3.8/site-packages/lab1/__init__.py to __init__.cpython-38.pyc
[0.650s] byte-compiling /home/paulina/dev_ws/src/podpora_przygoda/install/lab1/lib/python3.8/site-packages/lab1/lab1_publisher.py to lab1_publisher.cpython-38.pyc
[0.651s] running install_data
[0.652s] creating /home/paulina/dev_ws/src/podpora_przygoda/install/lab1/share/ament_index
[0.652s] creating /home/paulina/dev_ws/src/podpora_przygoda/install/lab1/share/ament_index/resource_index
[0.652s] creating /home/paulina/dev_ws/src/podpora_przygoda/install/lab1/share/ament_index/resource_index/packages
[0.653s] copying resource/lab1 -> /home/paulina/dev_ws/src/podpora_przygoda/install/lab1/share/ament_index/resource_index/packages
[0.653s] copying package.xml -> /home/paulina/dev_ws/src/podpora_przygoda/install/lab1/share/lab1
[0.653s] copying launch/lab1_launch.py -> /home/paulina/dev_ws/src/podpora_przygoda/install/lab1/share/lab1
[0.653s] running install_egg_info
[0.655s] Copying ../build/lab1/lab1.egg-info to /home/paulina/dev_ws/src/podpora_przygoda/install/lab1/lib/python3.8/site-packages/lab1-0.0.0-py3.8.egg-info
[0.656s] running install_scripts
[0.677s] Installing lab1_publisher script to /home/paulina/dev_ws/src/podpora_przygoda/install/lab1/lib/lab1
[0.677s] writing list of installed files to '/home/paulina/dev_ws/src/podpora_przygoda/build/lab1/install.log'
[0.710s] Invoked command in '/home/paulina/dev_ws/src/podpora_przygoda/lab1' returned '0': PYTHONPATH=/home/paulina/dev_ws/src/podpora_przygoda/install/lab1/lib/python3.8/site-packages:${PYTHONPATH} /usr/bin/python3 setup.py egg_info --egg-base ../build/lab1 build --build-base /home/paulina/dev_ws/src/podpora_przygoda/build/lab1/build install --prefix /home/paulina/dev_ws/src/podpora_przygoda/install/lab1 --record /home/paulina/dev_ws/src/podpora_przygoda/build/lab1/install.log --single-version-externally-managed
